Performing C SOURCE FILE Test CMAKE_HAVE_LIBC_PTHREAD failed with the following output:
Change Dir: /home/csmajs/jan058/final-project-khe035-dhong050-jan058-ctang085/build/CMakeFiles/CMakeTmp

Run Build Command(s):/usr/bin/gmake -f Makefile cmTC_4be69/fast && /usr/bin/gmake  -f CMakeFiles/cmTC_4be69.dir/build.make CMakeFiles/cmTC_4be69.dir/build
gmake[1]: Entering directory '/data/home/csmajs/jan058/final-project-khe035-dhong050-jan058-ctang085/build/CMakeFiles/CMakeTmp'
Building C object CMakeFiles/cmTC_4be69.dir/src.c.o
/usr/bin/cc -DCMAKE_HAVE_LIBC_PTHREAD   -o CMakeFiles/cmTC_4be69.dir/src.c.o -c /home/csmajs/jan058/final-project-khe035-dhong050-jan058-ctang085/build/CMakeFiles/CMakeTmp/src.c
Linking C executable cmTC_4be69
/usr/bin/cmake -E cmake_link_script CMakeFiles/cmTC_4be69.dir/link.txt --verbose=1
/usr/bin/cc CMakeFiles/cmTC_4be69.dir/src.c.o -o cmTC_4be69 
CMakeFiles/cmTC_4be69.dir/src.c.o: In function `main':
src.c:(.text+0x2d): undefined reference to `pthread_create'
src.c:(.text+0x39): undefined reference to `pthread_detach'
src.c:(.text+0x45): undefined reference to `pthread_cancel'
src.c:(.text+0x56): undefined reference to `pthread_join'
collect2: error: ld returned 1 exit status
gmake[1]: *** [CMakeFiles/cmTC_4be69.dir/build.make:99: cmTC_4be69] Error 1
gmake[1]: Leaving directory '/data/home/csmajs/jan058/final-project-khe035-dhong050-jan058-ctang085/build/CMakeFiles/CMakeTmp'
gmake: *** [Makefile:127: cmTC_4be69/fast] Error 2


Source file was:
#include <pthread.h>

static void* test_func(void* data)
{
  return data;
}

int main(void)
{
  pthread_t thread;
  pthread_create(&thread, NULL, test_func, NULL);
  pthread_detach(thread);
  pthread_cancel(thread);
  pthread_join(thread, NULL);
  pthread_atfork(NULL, NULL, NULL);
  pthread_exit(NULL);

  return 0;
}

Determining if the function pthread_create exists in the pthreads failed with the following output:
Change Dir: /home/csmajs/jan058/final-project-khe035-dhong050-jan058-ctang085/build/CMakeFiles/CMakeTmp

Run Build Command(s):/usr/bin/gmake -f Makefile cmTC_3b194/fast && /usr/bin/gmake  -f CMakeFiles/cmTC_3b194.dir/build.make CMakeFiles/cmTC_3b194.dir/build
gmake[1]: Entering directory '/data/home/csmajs/jan058/final-project-khe035-dhong050-jan058-ctang085/build/CMakeFiles/CMakeTmp'
Building C object CMakeFiles/cmTC_3b194.dir/CheckFunctionExists.c.o
/usr/bin/cc   -DCHECK_FUNCTION_EXISTS=pthread_create -o CMakeFiles/cmTC_3b194.dir/CheckFunctionExists.c.o -c /usr/share/cmake/Modules/CheckFunctionExists.c
Linking C executable cmTC_3b194
/usr/bin/cmake -E cmake_link_script CMakeFiles/cmTC_3b194.dir/link.txt --verbose=1
/usr/bin/cc  -DCHECK_FUNCTION_EXISTS=pthread_create CMakeFiles/cmTC_3b194.dir/CheckFunctionExists.c.o -o cmTC_3b194  -lpthreads 
/usr/bin/ld: cannot find -lpthreads
collect2: error: ld returned 1 exit status
gmake[1]: *** [CMakeFiles/cmTC_3b194.dir/build.make:99: cmTC_3b194] Error 1
gmake[1]: Leaving directory '/data/home/csmajs/jan058/final-project-khe035-dhong050-jan058-ctang085/build/CMakeFiles/CMakeTmp'
gmake: *** [Makefile:127: cmTC_3b194/fast] Error 2



